TN:
SF:src\app.ts
FNF:0
FNH:0
DA:1,4
DA:2,4
DA:3,4
DA:4,4
DA:5,4
DA:6,4
DA:9,4
DA:11,4
DA:13,4
LF:9
LH:9
BRF:0
BRH:0
end_of_record
TN:
SF:src\components\auth\auth.controller.ts
FN:11,(anonymous_13)
FN:15,(anonymous_14)
FN:16,(anonymous_15)
FN:19,(anonymous_16)
FN:27,(anonymous_17)
FN:27,(anonymous_18)
FN:43,(anonymous_19)
FN:43,(anonymous_20)
FN:56,(anonymous_21)
FN:56,(anonymous_22)
FN:75,(anonymous_23)
FN:75,(anonymous_24)
FN:100,(anonymous_25)
FN:100,(anonymous_26)
FN:118,(anonymous_27)
FN:118,(anonymous_28)
FN:135,(anonymous_29)
FN:135,(anonymous_30)
FN:150,(anonymous_31)
FN:150,(anonymous_32)
FNF:20
FNH:20
FNDA:6,(anonymous_13)
FNDA:6,(anonymous_14)
FNDA:7,(anonymous_15)
FNDA:6,(anonymous_16)
FNDA:6,(anonymous_17)
FNDA:6,(anonymous_18)
FNDA:1,(anonymous_19)
FNDA:1,(anonymous_20)
FNDA:3,(anonymous_21)
FNDA:3,(anonymous_22)
FNDA:4,(anonymous_23)
FNDA:4,(anonymous_24)
FNDA:1,(anonymous_25)
FNDA:1,(anonymous_26)
FNDA:1,(anonymous_27)
FNDA:1,(anonymous_28)
FNDA:2,(anonymous_29)
FNDA:2,(anonymous_30)
FNDA:2,(anonymous_31)
FNDA:2,(anonymous_32)
DA:1,4
DA:2,4
DA:3,4
DA:5,4
DA:7,4
DA:10,4
DA:12,6
DA:15,6
DA:16,7
DA:19,6
DA:20,4
DA:27,6
DA:28,6
DA:29,6
DA:30,6
DA:31,6
DA:34,6
DA:35,6
DA:43,4
DA:44,1
DA:45,1
DA:46,1
DA:48,1
DA:56,4
DA:57,3
DA:58,3
DA:60,3
DA:61,3
DA:63,3
DA:75,4
DA:76,4
DA:78,4
DA:79,4
DA:80,4
DA:82,4
DA:84,4
DA:86,4
DA:87,4
DA:88,4
DA:89,4
DA:90,4
DA:91,4
DA:100,4
DA:101,1
DA:102,1
DA:103,1
DA:105,1
DA:106,1
DA:107,1
DA:108,1
DA:118,4
DA:119,1
DA:121,1
DA:123,1
DA:125,1
DA:126,1
DA:127,1
DA:135,4
DA:136,2
DA:137,2
DA:138,2
DA:139,2
DA:150,4
DA:151,2
DA:152,2
DA:153,2
DA:155,2
DA:157,2
DA:158,2
DA:159,2
DA:160,2
LF:71
LH:71
BRDA:7,0,0,4
BRDA:7,0,1,0
BRDA:27,1,0,1
BRDA:28,2,0,0
BRDA:28,2,1,6
BRDA:31,3,0,0
BRDA:31,3,1,6
BRDA:46,4,0,0
BRDA:46,4,1,1
BRDA:61,5,0,0
BRDA:61,5,1,3
BRDA:79,6,0,0
BRDA:79,6,1,4
BRDA:80,7,0,0
BRDA:80,7,1,4
BRDA:86,8,0,4
BRDA:86,8,1,0
BRDA:87,9,0,4
BRDA:87,9,1,0
BRDA:103,10,0,0
BRDA:103,10,1,1
BRDA:105,11,0,0
BRDA:105,11,1,1
BRDA:123,12,0,0
BRDA:123,12,1,1
BRDA:138,13,0,0
BRDA:138,13,1,2
BRDA:153,14,0,0
BRDA:153,14,1,2
BRDA:155,15,0,0
BRDA:155,15,1,2
BRF:31
BRH:16
end_of_record
TN:
SF:src\components\auth\auth.router.ts
FN:12,(anonymous_6)
FN:17,(anonymous_7)
FN:22,(anonymous_8)
FN:27,(anonymous_9)
FN:32,(anonymous_10)
FN:37,(anonymous_11)
FN:42,(anonymous_12)
FNF:7
FNH:7
FNDA:1,(anonymous_6)
FNDA:3,(anonymous_7)
FNDA:4,(anonymous_8)
FNDA:1,(anonymous_9)
FNDA:1,(anonymous_10)
FNDA:2,(anonymous_11)
FNDA:2,(anonymous_12)
DA:1,4
DA:2,4
DA:3,4
DA:4,4
DA:6,4
DA:10,4
DA:12,4
DA:13,1
DA:14,1
DA:17,4
DA:18,3
DA:19,3
DA:22,4
DA:23,4
DA:24,4
DA:27,4
DA:28,1
DA:29,1
DA:32,4
DA:33,1
DA:34,1
DA:37,4
DA:38,2
DA:39,2
DA:42,4
DA:43,2
DA:44,2
DA:47,4
LF:28
LH:28
BRF:0
BRH:0
end_of_record
TN:
SF:src\components\auth\auth.validator.ts
FNF:0
FNH:0
DA:1,4
DA:2,4
DA:4,4
DA:12,4
DA:43,4
DA:59,4
DA:80,4
DA:88,4
DA:115,4
DA:116,4
DA:117,4
DA:118,4
DA:119,4
DA:120,4
LF:14
LH:14
BRF:0
BRH:0
end_of_record
TN:
SF:src\components\auth\index.ts
FNF:0
FNH:0
DA:1,4
DA:2,4
DA:3,4
DA:5,4
DA:7,4
LF:5
LH:5
BRF:0
BRH:0
end_of_record
TN:
SF:src\components\playlists\index.ts
FNF:0
FNH:0
DA:1,4
DA:2,4
DA:3,4
DA:4,4
DA:6,4
DA:8,4
LF:6
LH:6
BRF:0
BRH:0
end_of_record
TN:
SF:src\components\playlists\playlists.controller.ts
FN:6,(anonymous_1)
FN:14,(anonymous_2)
FN:19,(anonymous_3)
FN:29,(anonymous_4)
FN:31,(anonymous_5)
FNF:5
FNH:5
FNDA:1,(anonymous_1)
FNDA:1,(anonymous_2)
FNDA:1,(anonymous_3)
FNDA:1,(anonymous_4)
FNDA:1,(anonymous_5)
DA:1,4
DA:2,4
DA:6,4
DA:7,1
DA:9,1
DA:10,1
DA:11,1
DA:14,4
DA:15,1
DA:16,1
DA:19,4
DA:20,1
DA:21,1
DA:26,1
DA:29,4
DA:31,4
LF:16
LH:16
BRDA:20,0,0,1
BRDA:20,0,1,0
BRF:2
BRH:1
end_of_record
TN:
SF:src\components\playlists\playlists.model.ts
FN:20,(anonymous_6)
FNF:1
FNH:0
FNDA:0,(anonymous_6)
DA:1,4
DA:3,4
DA:9,4
DA:20,4
DA:21,0
DA:24,4
DA:26,4
DA:28,4
LF:8
LH:7
BRDA:26,0,0,4
BRDA:26,0,1,0
BRF:2
BRH:1
end_of_record
TN:
SF:src\components\playlists\playlists.router.ts
FN:8,(anonymous_6)
FN:14,(anonymous_7)
FN:20,(anonymous_8)
FN:26,(anonymous_9)
FN:32,(anonymous_10)
FNF:5
FNH:5
FNDA:1,(anonymous_6)
FNDA:1,(anonymous_7)
FNDA:1,(anonymous_8)
FNDA:1,(anonymous_9)
FNDA:1,(anonymous_10)
DA:1,4
DA:2,4
DA:3,4
DA:6,4
DA:8,4
DA:9,1
DA:10,1
DA:11,1
DA:14,4
DA:15,1
DA:16,1
DA:17,1
DA:20,4
DA:21,1
DA:22,1
DA:23,1
DA:26,4
DA:27,1
DA:28,1
DA:29,1
DA:32,4
DA:33,1
DA:34,1
DA:37,4
LF:24
LH:24
BRF:0
BRH:0
end_of_record
TN:
SF:src\components\playlists\playlists.validator.ts
FNF:0
FNH:0
DA:1,4
DA:2,4
DA:4,4
DA:17,4
DA:25,4
DA:33,4
DA:34,4
DA:35,4
LF:8
LH:8
BRF:0
BRH:0
end_of_record
TN:
SF:src\components\profiles\index.ts
FNF:0
FNH:0
DA:1,4
DA:2,4
DA:3,4
DA:4,4
DA:5,4
DA:7,4
LF:6
LH:6
BRF:0
BRH:0
end_of_record
TN:
SF:src\components\profiles\profiles.controller.ts
FN:5,(anonymous_8)
FN:5,(anonymous_9)
FN:7,(anonymous_10)
FN:7,(anonymous_11)
FN:9,(anonymous_12)
FNF:5
FNH:5
FNDA:1,(anonymous_8)
FNDA:1,(anonymous_9)
FNDA:1,(anonymous_10)
FNDA:1,(anonymous_11)
FNDA:1,(anonymous_12)
DA:1,4
DA:5,4
DA:7,4
DA:9,4
DA:11,4
LF:5
LH:5
BRF:0
BRH:0
end_of_record
TN:
SF:src\components\profiles\profiles.model.ts
FN:30,(anonymous_6)
FNF:1
FNH:1
FNDA:4,(anonymous_6)
DA:1,4
DA:2,4
DA:3,4
DA:11,4
DA:26,4
DA:30,4
DA:31,4
DA:32,4
DA:33,4
DA:34,4
DA:37,4
DA:39,4
DA:41,4
LF:13
LH:13
BRDA:31,0,0,0
BRDA:31,0,1,4
BRDA:33,1,0,4
BRDA:33,1,1,0
BRDA:33,2,0,4
BRDA:33,2,1,4
BRDA:39,3,0,4
BRDA:39,3,1,4
BRF:8
BRH:6
end_of_record
TN:
SF:src\components\profiles\profiles.router.ts
FN:9,(anonymous_6)
FN:14,(anonymous_7)
FN:20,(anonymous_8)
FNF:3
FNH:3
FNDA:1,(anonymous_6)
FNDA:1,(anonymous_7)
FNDA:1,(anonymous_8)
DA:1,4
DA:2,4
DA:3,4
DA:7,4
DA:9,4
DA:10,1
DA:11,1
DA:14,4
DA:15,1
DA:16,1
DA:17,1
DA:20,4
DA:21,1
DA:22,1
DA:25,4
LF:15
LH:15
BRF:0
BRH:0
end_of_record
TN:
SF:src\components\profiles\profiles.validator.ts
FNF:0
FNH:0
DA:1,4
DA:2,4
DA:4,4
DA:31,4
LF:4
LH:4
BRF:0
BRH:0
end_of_record
TN:
SF:src\components\search\index.ts
FNF:0
FNH:0
DA:1,4
DA:2,4
DA:3,4
DA:5,4
DA:7,4
LF:5
LH:5
BRF:0
BRH:0
end_of_record
TN:
SF:src\components\search\search.controller.ts
FN:2,(anonymous_0)
FNF:1
FNH:1
FNDA:2,(anonymous_0)
DA:1,4
DA:2,4
LF:2
LH:2
BRF:0
BRH:0
end_of_record
TN:
SF:src\components\search\search.router.ts
FN:9,(anonymous_13)
FN:9,(anonymous_14)
FNF:2
FNH:2
FNDA:2,(anonymous_13)
FNDA:2,(anonymous_14)
DA:1,4
DA:3,4
DA:4,4
DA:7,4
DA:9,4
DA:10,2
DA:11,2
DA:14,4
LF:8
LH:8
BRF:0
BRH:0
end_of_record
TN:
SF:src\components\search\search.validator.ts
FNF:0
FNH:0
DA:1,4
DA:2,4
DA:4,4
DA:12,4
LF:4
LH:4
BRF:0
BRH:0
end_of_record
TN:
SF:src\services\itunes\index.ts
FN:17,(anonymous_7)
FN:17,(anonymous_8)
FN:25,(anonymous_9)
FN:29,(anonymous_10)
FN:29,(anonymous_11)
FN:35,(anonymous_12)
FN:38,(anonymous_13)
FN:46,(anonymous_14)
FN:46,(anonymous_15)
FN:54,(anonymous_16)
FN:64,(anonymous_17)
FN:64,(anonymous_18)
FN:74,(anonymous_19)
FN:79,(anonymous_20)
FN:80,(anonymous_21)
FNF:15
FNH:15
FNDA:2,(anonymous_7)
FNDA:2,(anonymous_8)
FNDA:51,(anonymous_9)
FNDA:2,(anonymous_10)
FNDA:2,(anonymous_11)
FNDA:144,(anonymous_12)
FNDA:93,(anonymous_13)
FNDA:2,(anonymous_14)
FNDA:2,(anonymous_15)
FNDA:573,(anonymous_16)
FNDA:2,(anonymous_17)
FNDA:2,(anonymous_18)
FNDA:93,(anonymous_19)
FNDA:51,(anonymous_20)
FNDA:4503,(anonymous_21)
DA:1,4
DA:3,4
DA:17,4
DA:18,2
DA:20,2
DA:22,2
DA:24,2
DA:25,51
DA:26,2
DA:29,4
DA:30,2
DA:31,2
DA:32,2
DA:34,2
DA:35,144
DA:37,2
DA:38,93
DA:42,2
DA:46,4
DA:47,2
DA:48,2
DA:49,2
DA:51,2
DA:53,2
DA:54,2
DA:55,573
DA:56,480
DA:59,2
DA:64,4
DA:65,2
DA:67,2
DA:69,2
DA:71,2
DA:74,2
DA:75,93
DA:79,2
DA:80,4503
DA:81,51
DA:84,2
DA:88,4
DA:89,4
DA:90,4
DA:91,4
LF:43
LH:43
BRDA:22,0,0,0
BRDA:22,0,1,2
BRDA:32,1,0,0
BRDA:32,1,1,2
BRDA:49,2,0,0
BRDA:49,2,1,2
BRDA:55,3,0,93
BRDA:55,3,1,480
BRDA:65,4,0,0
BRDA:65,4,1,2
BRDA:75,5,0,88
BRDA:75,5,1,5
BRDA:75,6,0,93
BRDA:75,6,1,93
BRDA:81,7,0,51
BRDA:81,7,1,0
BRF:16
BRH:11
end_of_record
